Format of log entries:

{
    "body": "The json body of the query",
    "result": "The json retured by the query",
    "queryTime": "Time in seconds taken to run the query",
    "time": "When the query was run",
    "type": "The type of query run (count, search, or sql)"
}


{
    "body": {
        "query": {
            "bool": {
                "filter": {
                    "range": {
                        "acct.ncpus": {
                            "gte": 16, 
                            "lte": 16
                        }
                    }
                }
            }
        }
    }, 
    "result": {
        "count": 190555, 
        "_shards": {
            "successful": 1, 
            "failed": 0, 
            "skipped": 0, 
            "total": 1
        }
    }, 
    "queryTime": 0.467199, 
    "time": "2019-08-08 11:07:56",
    "type": "count"
}

{
    "body": {
        "query": {
            "bool": {
                "filter": {
                    "range": {
                        "acct.ncpus": {
                            "gte": 16, 
                            "lte": 16
                        }
                    }
                }
            }
        }
    }, 
    "result": {
        "count": 190555, 
        "_shards": {
            "successful": 1, 
            "failed": 0, 
            "skipped": 0, 
            "total": 1
        }
    }, 
    "queryTime": 0.018592119216918945, 
    "time": "2019-08-08 11:09:12",
    "type": "count"
}

{
    "body": {
        "query": "SELECT AVG(cpu.nodecpus.user.avg) FROM \"jobs-index\" WHERE acct.ncpus = 16"
    }, 
    "result": {
        "rows": [
            [
                0.6413804378627596
            ]
        ], 
        "columns": [
            {
                "type": "double", 
                "name": "AVG(cpu.nodecpus.user.avg)"
            }
        ]
    }, 
    "queryTime": 0.8819150924682617, 
    "time": "2019-08-08 11:34:43",
    "type": "sql"
}

{
    "body": {
        "query": "SELECT AVG(cpu.nodecpus.user.avg) FROM \"jobs-index\" WHERE acct.ncpus = 16"
    }, 
    "result": {
        "rows": [
            [
                0.6413804378627596
            ]
        ], 
        "columns": [
            {
                "type": "double", 
                "name": "AVG(cpu.nodecpus.user.avg)"
            }
        ]
    }, 
    "queryTime": 0.48316287994384766, 
    "time": "2019-08-08 11:35:20",
    "type": "sql"
}

{
    "body": {
        "query": "SELECT AVG(cpu.nodecpus.user.avg), COUNT(*) FROM \"jobs-index\" WHERE acct.ncpus = 16"
    }, 
    "result": {
        "rows": [
            [
                0.6413804378627596, 
                190555
            ]
        ], 
        "columns": [
            {
                "type": "double", 
                "name": "AVG(cpu.nodecpus.user.avg)"
            }, 
            {
                "type": "long", 
                "name": "COUNT(*)"
            }
        ]
    }, 
    "queryTime": 0.1232900619506836, 
    "time": "2019-08-08 11:38:11",
    "type": "sql"
}

{
    "body": {
        "query": "SELECT AVG(cpu.nodecpus.user.avg), COUNT(*) FROM \"jobs-index\" WHERE acct.ncpus = 16"
    }, 
    "type": "sql", 
    "result": {
        "rows": [
            [
                0.6267654978356246, 
                303517
            ]
        ], 
        "columns": [
            {
                "type": "double", 
                "name": "AVG(cpu.nodecpus.user.avg)"
            }, 
            {
                "type": "long", 
                "name": "COUNT(*)"
            }
        ]
    }, 
    "queryTime": 2.2792210578918457, 
    "time": "2019-08-09 09:44:14"
}

{
    "body": {
        "query": "SELECT COUNT(*) FROM \"jobs-index\""
    }, 
    "type": "sql", 
    "result": {
        "rows": [
            [
                11859000
            ]
        ], 
        "columns": [
            {
                "type": "long", 
                "name": "COUNT(*)"
            }
        ]
    }, 
    "queryTime": 0.18804502487182617, 
    "time": "2019-08-09 09:46:17"
}

{
    "body": {
        "query": "SELECT COUNT(*) FROM \"jobs-index\""
    }, 
    "type": "sql", 
    "result": {
        "rows": [
            [
                11859000
            ]
        ], 
        "columns": [
            {
                "type": "long", 
                "name": "COUNT(*)"
            }
        ]
    }, 
    "queryTime": 2.389417886734009, 
    "time": "2019-08-09 09:49:37"
}

{
    "body": {
        "query": "SELECT COUNT(*) FROM \"jobs-index\""
    }, 
    "type": "sql", 
    "result": {
        "rows": [
            [
                11859000
            ]
        ], 
        "columns": [
            {
                "type": "long", 
                "name": "COUNT(*)"
            }
        ]
    }, 
    "queryTime": 0.06580305099487305, 
    "time": "2019-08-09 11:01:45"
}

{
    "body": {
        "query": "SELECT COUNT(*) FROM \"jobs-index\""
    }, 
    "type": "sql", 
    "result": {
        "rows": [
            [
                11859000
            ]
        ], 
        "columns": [
            {
                "type": "long", 
                "name": "COUNT(*)"
            }
        ]
    }, 
    "queryTime": 0.06685996055603027, 
    "time": "2019-08-09 11:06:54"
}

{
    "body": {
        "query": "SELECT COUNT(*) FROM \"jobs-index\""
    }, 
    "type": "sql", 
    "result": {
        "rows": [
            [
                11859000
            ]
        ], 
        "columns": [
            {
                "type": "long", 
                "name": "COUNT(*)"
            }
        ]
    }, 
    "queryTime": 0.06766104698181152, 
    "time": "2019-08-09 12:40:09"
}

{
    "body": {
        "query": "SELECT \"infiniband.qib0:1.switch-out-bytes.avg\" FROM \"jobs-index\" LIMIT 100"
    }, 
    "type": "sql", 
    "result": {
        "rows": [
            [
                null
            ], 
            [
                null
            ], 
            [
                10188509884
            ], 
            [
                273398
            ], 
            [
                null
            ], 
            [
                266428
            ], 
            [
                null
            ], 
            [
                297024
            ], 
            [
                null
            ], 
            [
                1824
            ], 
            [
                null
            ], 
            [
                135228823180
            ], 
            [
                null
            ], 
            [
                291889
            ], 
            [
                258418
            ], 
            [
                258058
            ], 
            [
                26378152
            ], 
            [
                1056
            ], 
            [
                204648904
            ], 
            [
                274654
            ], 
            [
                null
            ], 
            [
                270924
            ], 
            [
                23357969495
            ], 
            [
                null
            ], 
            [
                284721
            ], 
            [
                null
            ], 
            [
                258629
            ], 
            [
                null
            ], 
            [
                271978
            ], 
            [
                null
            ], 
            [
                272938
            ], 
            [
                null
            ], 
            [
                264156
            ], 
            [
                null
            ], 
            [
                295488
            ], 
            [
                null
            ], 
            [
                287792
            ], 
            [
                null
            ], 
            [
                null
            ], 
            [
                298261
            ], 
            [
                null
            ], 
            [
                266052
            ], 
            [
                1505101628578
            ], 
            [
                269998
            ], 
            [
                null
            ], 
            [
                282046
            ], 
            [
                null
            ], 
            [
                null
            ], 
            [
                90216
            ], 
            [
                282753
            ], 
            [
                null
            ], 
            [
                null
            ], 
            [
                263794
            ], 
            [
                null
            ], 
            [
                null
            ], 
            [
                266136
            ], 
            [
                null
            ], 
            [
                null
            ], 
            [
                304398
            ], 
            [
                null
            ], 
            [
                260338
            ], 
            [
                null
            ], 
            [
                null
            ], 
            [
                2016
            ], 
            [
                49875074968
            ], 
            [
                null
            ], 
            [
                1056
            ], 
            [
                259444
            ], 
            [
                null
            ], 
            [
                null
            ], 
            [
                263341
            ], 
            [
                null
            ], 
            [
                null
            ], 
            [
                12710034660
            ], 
            [
                null
            ], 
            [
                300245
            ], 
            [
                null
            ], 
            [
                null
            ], 
            [
                313501
            ], 
            [
                166526691360
            ], 
            [
                287741
            ], 
            [
                null
            ], 
            [
                324766
            ], 
            [
                null
            ], 
            [
                null
            ], 
            [
                202737
            ], 
            [
                null
            ], 
            [
                1920
            ], 
            [
                null
            ], 
            [
                326340
            ], 
            [
                null
            ], 
            [
                null
            ], 
            [
                null
            ], 
            [
                null
            ], 
            [
                null
            ], 
            [
                null
            ], 
            [
                272776
            ], 
            [
                null
            ], 
            [
                268469261796
            ], 
            [
                3936
            ]
        ], 
        "columns": [
            {
                "type": "long", 
                "name": "infiniband.qib0:1.switch-out-bytes.avg"
            }
        ]
    }, 
    "queryTime": 0.08723902702331543, 
    "time": "2019-08-09 13:52:30"
}
